Release 14.4 Map P.49d (nt64)
Xilinx Mapping Report File for Design 'ofdm_top_module'

Design Information
------------------
Command Line   : map -intstyle ise -p xc6slx16-csg324-3 -w -logic_opt off -ol
high -t 1 -xt 0 -register_duplication off -r 4 -global_opt off -mt off -ir off
-pr off -lc off -power off -o ofdm_top_module_map.ncd ofdm_top_module.ngd
ofdm_top_module.pcf 
Target Device  : xc6slx16
Target Package : csg324
Target Speed   : -3
Mapper Version : spartan6 -- $Revision: 1.55 $
Mapped Date    : Fri Feb 14 16:02:50 2025

Design Summary
--------------
Number of errors:      0
Number of warnings:    1
Slice Logic Utilization:
  Number of Slice Registers:                 1,991 out of  18,224   10%
    Number used as Flip Flops:               1,991
    Number used as Latches:                      0
    Number used as Latch-thrus:                  0
    Number used as AND/OR logics:                0
  Number of Slice LUTs:                      1,438 out of   9,112   15%
    Number used as logic:                    1,002 out of   9,112   10%
      Number using O6 output only:             504
      Number using O5 output only:              14
      Number using O5 and O6:                  484
      Number used as ROM:                        0
    Number used as Memory:                     323 out of   2,176   14%
      Number used as Dual Port RAM:              0
      Number used as Single Port RAM:            0
      Number used as Shift Register:           323
        Number using O6 output only:           188
        Number using O5 output only:             0
        Number using O5 and O6:                135
    Number used exclusively as route-thrus:    113
      Number with same-slice register load:     99
      Number with same-slice carry load:        14
      Number with other load:                    0

Slice Logic Distribution:
  Number of occupied Slices:                   557 out of   2,278   24%
  Number of MUXCYs used:                       460 out of   4,556   10%
  Number of LUT Flip Flop pairs used:        1,596
    Number with an unused Flip Flop:           136 out of   1,596    8%
    Number with an unused LUT:                 158 out of   1,596    9%
    Number of fully used LUT-FF pairs:       1,302 out of   1,596   81%
    Number of unique control sets:              47
    Number of slice register sites lost
      to control set restrictions:             167 out of  18,224    1%

  A LUT Flip Flop pair for this architecture represents one LUT paired with
  one Flip Flop within a slice.  A control set is a unique combination of
  clock, reset, set, and enable signals for a registered element.
  The Slice Logic Distribution report is not meaningful if the design is
  over-mapped for a non-slice resource or if Placement fails.

IO Utilization:
  Number of bonded IOBs:                        21 out of     232    9%
    Number of LOCed IOBs:                       21 out of      21  100%

Specific Feature Utilization:
  Number of RAMB16BWERs:                         0 out of      32    0%
  Number of RAMB8BWERs:                          1 out of      64    1%
  Number of BUFIO2/BUFIO2_2CLKs:                 0 out of      32    0%
  Number of BUFIO2FB/BUFIO2FB_2CLKs:             0 out of      32    0%
  Number of BUFG/BUFGMUXs:                       3 out of      16   18%
    Number used as BUFGs:                        3
    Number used as BUFGMUX:                      0
  Number of DCM/DCM_CLKGENs:                     0 out of       4    0%
  Number of ILOGIC2/ISERDES2s:                   0 out of     248    0%
  Number of IODELAY2/IODRP2/IODRP2_MCBs:         0 out of     248    0%
  Number of OLOGIC2/OSERDES2s:                   0 out of     248    0%
  Number of BSCANs:                              0 out of       4    0%
  Number of BUFHs:                               0 out of     128    0%
  Number of BUFPLLs:                             0 out of       8    0%
  Number of BUFPLL_MCBs:                         0 out of       4    0%
  Number of DSP48A1s:                            4 out of      32   12%
  Number of ICAPs:                               0 out of       1    0%
  Number of MCBs:                                0 out of       2    0%
  Number of PCILOGICSEs:                         0 out of       2    0%
  Number of PLL_ADVs:                            0 out of       2    0%
  Number of PMVs:                                0 out of       1    0%
  Number of STARTUPs:                            0 out of       1    0%
  Number of SUSPEND_SYNCs:                       0 out of       1    0%

Average Fanout of Non-Clock Nets:                3.27

Peak Memory Usage:  4555 MB
Total REAL time to MAP completion:  1 mins 10 secs 
Total CPU time to MAP completion:   1 mins 7 secs 

Table of Contents
-----------------
Section 1 - Errors
Section 2 - Warnings
Section 3 - Informational
Section 4 - Removed Logic Summary
Section 5 - Removed Logic
Section 6 - IOB Properties
Section 7 - RPMs
Section 8 - Guide Report
Section 9 - Area Group and Partition Summary
Section 10 - Timing Report
Section 11 - Configuration String Information
Section 12 - Control Set Information
Section 13 - Utilization by Hierarchy

Section 1 - Errors
------------------

Section 2 - Warnings
--------------------
WARNING:PhysDesignRules:2410 - This design is using one or more 9K Block RAMs
   (RAMB8BWER).  9K Block RAM initialization data, both user defined and
   default, may be incorrect and should not be used.  For more information,
   please reference Xilinx Answer Record 39999.

Section 3 - Informational
-------------------------
INFO:LIT:243 - Logical network ifft_inst/fft_core/m_axis_data_tdata<15> has no
   load.
INFO:LIT:395 - The above info message is repeated 26 more times for the
   following (max. 5 shown):
   ifft_inst/fft_core/m_axis_data_tdata<14>,
   ifft_inst/fft_core/m_axis_data_tdata<13>,
   ifft_inst/fft_core/m_axis_data_tdata<12>,
   ifft_inst/fft_core/m_axis_data_tdata<11>,
   ifft_inst/fft_core/m_axis_data_tdata<10>
   To see the details of these info messages, please use the -detail switch.
INFO:MapLib:562 - No environment variables are currently set.
INFO:LIT:244 - All of the single ended outputs in this design are using slew
   rate limited output drivers. The delay on speed critical single ended outputs
   can be dramatically reduced by designating them as fast outputs.
INFO:Pack:1716 - Initializing temperature to 85.000 Celsius. (default - Range:
   0.000 to 85.000 Celsius)
INFO:Pack:1720 - Initializing voltage to 1.140 Volts. (default - Range: 1.140 to
   1.260 Volts)
INFO:Map:215 - The Interim Design Summary has been generated in the MAP Report
   (.mrp).
INFO:Pack:1650 - Map created a placed design.

Section 4 - Removed Logic Summary
---------------------------------
 250 block(s) removed
  80 block(s) optimized away
 195 signal(s) removed

Section 5 - Removed Logic
-------------------------

The trimmed logic report below shows the logic removed from your design due to
sourceless or loadless signals, and VCC or ground connections.  If the removal
of a signal or symbol results in the subsequent removal of an additional signal
or symbol, the message explaining that second removal will be indented.  This
indentation will be repeated as a chain of related logic is removed.

To quickly locate the original cause for the removal of a chain of logic, look
above the place where that logic is listed in the trimming report, then locate
the lines that are least indented (begin at the leftmost edge).

Loadless block "ifft_inst/fft_core/blk00000001/blk00000199" (FF) removed.
Loadless block "ifft_inst/fft_core/blk00000001/blk0000019a" (FF) removed.
 The signal "ifft_inst/fft_core/blk00000001/sig0000029f" is loadless and has been
removed.
  Loadless block "ifft_inst/fft_core/blk00000001/blk00000195" (FF) removed.
   The signal "ifft_inst/fft_core/blk00000001/sig0000029a" is loadless and has been
removed.
    Loadless block "ifft_inst/fft_core/blk00000001/blk00000190" (FF) removed.
Loadless block "ifft_inst/fft_core/blk00000001/blk0000019b" (FF) removed.
 The signal "ifft_inst/fft_core/blk00000001/sig000002a0" is loadless and has been
removed.
  Loadless block "ifft_inst/fft_core/blk00000001/blk00000196" (FF) removed.
   The signal "ifft_inst/fft_core/blk00000001/sig0000029b" is loadless and has been
removed.
    Loadless block "ifft_inst/fft_core/blk00000001/blk00000191" (FF) removed.
Loadless block "ifft_inst/fft_core/blk00000001/blk0000019c" (FF) removed.
 The signal "ifft_inst/fft_core/blk00000001/sig000002a1" is loadless and has been
removed.
  Loadless block "ifft_inst/fft_core/blk00000001/blk00000197" (FF) removed.
   The signal "ifft_inst/fft_core/blk00000001/sig0000029c" is loadless and has been
removed.
    Loadless block "ifft_inst/fft_core/blk00000001/blk00000192" (FF) removed.
Loadless block "ifft_inst/fft_core/blk00000001/blk0000019d" (FF) removed.
 The signal "ifft_inst/fft_core/blk00000001/sig000002a2" is loadless and has been
removed.
  Loadless block "ifft_inst/fft_core/blk00000001/blk00000198" (FF) removed.
   The signal "ifft_inst/fft_core/blk00000001/sig0000029d" is loadless and has been
removed.
    Loadless block "ifft_inst/fft_core/blk00000001/blk00000193" (FF) removed.
Loadless block "ifft_inst/fft_core/blk00000001/blk00000219" (FF) removed.
Loadless block "ifft_inst/fft_core/blk00000001/blk0000021a" (FF) removed.
Loadless block "ifft_inst/fft_core/blk00000001/blk0000021b" (FF) removed.
Loadless block "ifft_inst/fft_core/blk00000001/blk0000021c" (FF) removed.
Loadless block "ifft_inst/fft_core/blk00000001/blk0000021d" (FF) removed.
Loadless block "ifft_inst/fft_core/blk00000001/blk0000021e" (FF) removed.
Loadless block "ifft_inst/fft_core/blk00000001/blk0000021f" (FF) removed.
Loadless block "ifft_inst/fft_core/blk00000001/blk00000220" (FF) removed.
Loadless block "ifft_inst/fft_core/blk00000001/blk00000221" (FF) removed.
Loadless block "ifft_inst/fft_core/blk00000001/blk00000222" (FF) removed.
Loadless block "ifft_inst/fft_core/blk00000001/blk00000223" (FF) removed.
Loadless block "ifft_inst/fft_core/blk00000001/blk00000224" (FF) removed.
Loadless block "ifft_inst/fft_core/blk00000001/blk00000229" (FF) removed.
Loadless block "ifft_inst/fft_core/blk00000001/blk0000022a" (FF) removed.
Loadless block "ifft_inst/fft_core/blk00000001/blk0000022b" (FF) removed.
Loadless block "ifft_inst/fft_core/blk00000001/blk0000022c" (FF) removed.
Loadless block "ifft_inst/fft_core/blk00000001/blk0000022d" (FF) removed.
Loadless block "ifft_inst/fft_core/blk00000001/blk0000022e" (FF) removed.
Loadless block "ifft_inst/fft_core/blk00000001/blk0000022f" (FF) removed.
Loadless block "ifft_inst/fft_core/blk00000001/blk00000230" (FF) removed.
Loadless block "ifft_inst/fft_core/blk00000001/blk00000231" (FF) removed.
Loadless block "ifft_inst/fft_core/blk00000001/blk00000232" (FF) removed.
Loadless block "ifft_inst/fft_core/blk00000001/blk00000233" (FF) removed.
Loadless block "ifft_inst/fft_core/blk00000001/blk00000234" (FF) removed.
Loadless block "ifft_inst/fft_core/blk00000001/blk00000254" (SFF) removed.
Loadless block "ifft_inst/fft_core/blk00000001/blk0000027b" (SFF) removed.
Loadless block "ifft_inst/fft_core/blk00000001/blk0000028d" (SFF) removed.
Loadless block "ifft_inst/fft_core/blk00000001/blk0000030a/blk0000030e" (XOR)
removed.
 The signal "ifft_inst/fft_core/blk00000001/blk0000030a/sig00001038" is loadless
and has been removed.
  Loadless block "ifft_inst/fft_core/blk00000001/blk0000030a/blk00000313" (MUX)
removed.
   The signal "ifft_inst/fft_core/blk00000001/blk0000030a/sig00001039" is loadless
and has been removed.
    Loadless block "ifft_inst/fft_core/blk00000001/blk0000030a/blk00000314" (MUX)
removed.
     The signal "ifft_inst/fft_core/blk00000001/blk0000030a/sig0000103a" is loadless
and has been removed.
      Loadless block "ifft_inst/fft_core/blk00000001/blk0000030a/blk00000315" (MUX)
removed.
       The signal "ifft_inst/fft_core/blk00000001/blk0000030a/sig0000103b" is loadless
and has been removed.
        Loadless block "ifft_inst/fft_core/blk00000001/blk0000030a/blk00000316" (MUX)
removed.
       The signal "ifft_inst/fft_core/blk00000001/blk0000030a/sig0000103d" is loadless
and has been removed.
        Loadless block "ifft_inst/fft_core/blk00000001/blk0000030a/blk0000031a" (ROM)
removed.
Loadless block "ifft_inst/fft_core/blk00000001/blk0000030a/blk0000030f" (XOR)
removed.
Loadless block "ifft_inst/fft_core/blk00000001/blk0000030a/blk00000310" (XOR)
removed.
Loadless block "ifft_inst/fft_core/blk00000001/blk0000030a/blk00000311" (XOR)
removed.
Loadless block "ifft_inst/fft_core/blk00000001/blk00000344" (SFF) removed.
 The signal "ifft_inst/fft_core/blk00000001/sig000003ba" is loadless and has been
removed.
Loadless block "ifft_inst/fft_core/blk00000001/blk00000345" (SFF) removed.
 The signal "ifft_inst/fft_core/blk00000001/sig000003bb" is loadless and has been
removed.
Loadless block "ifft_inst/fft_core/blk00000001/blk000003cd" (SFF) removed.
 The signal "ifft_inst/fft_core/blk00000001/sig00000497" is loadless and has been
removed.
Loadless block "ifft_inst/fft_core/blk00000001/blk000003ce" (SFF) removed.
 The signal "ifft_inst/fft_core/blk00000001/sig00000498" is loadless and has been
removed.
Loadless block "ifft_inst/fft_core/blk00000001/blk000003cf" (SFF) removed.
 The signal "ifft_inst/fft_core/blk00000001/sig00000499" is loadless and has been
removed.
Loadless block "ifft_inst/fft_core/blk00000001/blk000003d0" (SFF) removed.
 The signal "ifft_inst/fft_core/blk00000001/sig0000049a" is loadless and has been
removed.
Loadless block "ifft_inst/fft_core/blk00000001/blk000003d8" (SFF) removed.
 The signal "ifft_inst/fft_core/blk00000001/sig0000049e" is loadless and has been
removed.
Loadless block "ifft_inst/fft_core/blk00000001/blk0000064c" (MUX) removed.
Loadless block "ifft_inst/fft_core/blk00000001/blk00000683" (MUX) removed.
Loadless block "ifft_inst/fft_core/blk00000001/blk00000982" (SFF) removed.
 The signal "ifft_inst/fft_core/blk00000001/sig000008d5" is loadless and has been
removed.
  Loadless block "ifft_inst/fft_core/blk00000001/blk00000967" (ROM) removed.
   The signal "ifft_inst/fft_core/blk00000001/sig00000838" is loadless and has been
removed.
Loadless block "ifft_inst/fft_core/blk00000001/blk00000983" (SFF) removed.
 The signal "ifft_inst/fft_core/blk00000001/sig000008d6" is loadless and has been
removed.
  Loadless block "ifft_inst/fft_core/blk00000001/blk00000968" (ROM) removed.
   The signal "ifft_inst/fft_core/blk00000001/sig00000839" is loadless and has been
removed.
Loadless block "ifft_inst/fft_core/blk00000001/blk00000984" (SFF) removed.
 The signal "ifft_inst/fft_core/blk00000001/sig000008d7" is loadless and has been
removed.
  Loadless block "ifft_inst/fft_core/blk00000001/blk00000969" (ROM) removed.
   The signal "ifft_inst/fft_core/blk00000001/sig0000083a" is loadless and has been
removed.
Loadless block "ifft_inst/fft_core/blk00000001/blk00000985" (SFF) removed.
 The signal "ifft_inst/fft_core/blk00000001/sig000008d8" is loadless and has been
removed.
  Loadless block "ifft_inst/fft_core/blk00000001/blk0000096a" (ROM) removed.
   The signal "ifft_inst/fft_core/blk00000001/sig0000083b" is loadless and has been
removed.
Loadless block "ifft_inst/fft_core/blk00000001/blk00000986" (SFF) removed.
 The signal "ifft_inst/fft_core/blk00000001/sig000008d9" is loadless and has been
removed.
  Loadless block "ifft_inst/fft_core/blk00000001/blk0000096b" (ROM) removed.
   The signal "ifft_inst/fft_core/blk00000001/sig0000083c" is loadless and has been
removed.
Loadless block "ifft_inst/fft_core/blk00000001/blk00000987" (SFF) removed.
 The signal "ifft_inst/fft_core/blk00000001/sig000008da" is loadless and has been
removed.
  Loadless block "ifft_inst/fft_core/blk00000001/blk0000096c" (ROM) removed.
Loadless block "ifft_inst/fft_core/blk00000001/blk00000988" (SFF) removed.
 The signal "ifft_inst/fft_core/blk00000001/sig000008db" is loadless and has been
removed.
  Loadless block "ifft_inst/fft_core/blk00000001/blk0000096d" (ROM) removed.
Loadless block "ifft_inst/fft_core/blk00000001/blk00000989" (SFF) removed.
 The signal "ifft_inst/fft_core/blk00000001/sig000008dc" is loadless and has been
removed.
  Loadless block "ifft_inst/fft_core/blk00000001/blk0000096e" (ROM) removed.
Loadless block "ifft_inst/fft_core/blk00000001/blk0000099a" (SFF) removed.
 The signal "ifft_inst/fft_core/blk00000001/sig000008ed" is loadless and has been
removed.
  Loadless block "ifft_inst/fft_core/blk00000001/blk0000097f" (ROM) removed.
Loadless block "ifft_inst/fft_core/blk00000001/blk0000099b" (SFF) removed.
 The signal "ifft_inst/fft_core/blk00000001/sig000008ee" is loadless and has been
removed.
  Loadless block "ifft_inst/fft_core/blk00000001/blk00000980" (ROM) removed.
Loadless block "ifft_inst/fft_core/blk00000001/blk0000099c" (SFF) removed.
 The signal "ifft_inst/fft_core/blk00000001/sig000008ef" is loadless and has been
removed.
  Loadless block "ifft_inst/fft_core/blk00000001/blk00000981" (ROM) removed.
Loadless block "ifft_inst/fft_core/blk00000001/blk000009b8" (SFF) removed.
 The signal "ifft_inst/fft_core/blk00000001/sig000008f0" is loadless and has been
removed.
  Loadless block "ifft_inst/fft_core/blk00000001/blk0000099d" (ROM) removed.
   The signal "ifft_inst/fft_core/blk00000001/sig000003c3" is loadless and has been
removed.
Loadless block "ifft_inst/fft_core/blk00000001/blk000009b9" (SFF) removed.
 The signal "ifft_inst/fft_core/blk00000001/sig000008f1" is loadless and has been
removed.
  Loadless block "ifft_inst/fft_core/blk00000001/blk0000099e" (ROM) removed.
   The signal "ifft_inst/fft_core/blk00000001/sig000003c4" is loadless and has been
removed.
Loadless block "ifft_inst/fft_core/blk00000001/blk000009ba" (SFF) removed.
 The signal "ifft_inst/fft_core/blk00000001/sig000008f2" is loadless and has been
removed.
  Loadless block "ifft_inst/fft_core/blk00000001/blk0000099f" (ROM) removed.
   The signal "ifft_inst/fft_core/blk00000001/sig000003c5" is loadless and has been
removed.
Loadless block "ifft_inst/fft_core/blk00000001/blk000009bb" (SFF) removed.
 The signal "ifft_inst/fft_core/blk00000001/sig000008f3" is loadless and has been
removed.
  Loadless block "ifft_inst/fft_core/blk00000001/blk000009a0" (ROM) removed.
   The signal "ifft_inst/fft_core/blk00000001/sig000003c6" is loadless and has been
removed.
Loadless block "ifft_inst/fft_core/blk00000001/blk000009bc" (SFF) removed.
 The signal "ifft_inst/fft_core/blk00000001/sig000008f4" is loadless and has been
removed.
  Loadless block "ifft_inst/fft_core/blk00000001/blk000009a1" (ROM) removed.
   The signal "ifft_inst/fft_core/blk00000001/sig000003c7" is loadless and has been
removed.
Loadless block "ifft_inst/fft_core/blk00000001/blk000009bd" (SFF) removed.
 The signal "ifft_inst/fft_core/blk00000001/sig000008f5" is loadless and has been
removed.
  Loadless block "ifft_inst/fft_core/blk00000001/blk000009a2" (ROM) removed.
Loadless block "ifft_inst/fft_core/blk00000001/blk000009be" (SFF) removed.
 The signal "ifft_inst/fft_core/blk00000001/sig000008f6" is loadless and has been
removed.
  Loadless block "ifft_inst/fft_core/blk00000001/blk000009a3" (ROM) removed.
Loadless block "ifft_inst/fft_core/blk00000001/blk000009bf" (SFF) removed.
 The signal "ifft_inst/fft_core/blk00000001/sig000008f7" is loadless and has been
removed.
  Loadless block "ifft_inst/fft_core/blk00000001/blk000009a4" (ROM) removed.
Loadless block "ifft_inst/fft_core/blk00000001/blk000009d0" (SFF) removed.
 The signal "ifft_inst/fft_core/blk00000001/sig00000908" is loadless and has been
removed.
  Loadless block "ifft_inst/fft_core/blk00000001/blk000009b5" (ROM) removed.
Loadless block "ifft_inst/fft_core/blk00000001/blk000009d1" (SFF) removed.
 The signal "ifft_inst/fft_core/blk00000001/sig00000909" is loadless and has been
removed.
  Loadless block "ifft_inst/fft_core/blk00000001/blk000009b6" (ROM) removed.
Loadless block "ifft_inst/fft_core/blk00000001/blk000009d2" (SFF) removed.
 The signal "ifft_inst/fft_core/blk00000001/sig0000090a" is loadless and has been
removed.
  Loadless block "ifft_inst/fft_core/blk00000001/blk000009b7" (ROM) removed.
Loadless block "ifft_inst/fft_core/blk00000001/blk00000c09" (SFF) removed.
 The signal "ifft_inst/fft_core/blk00000001/sig00000b37" is loadless and has been
removed.
Loadless block "ifft_inst/fft_core/blk00000001/blk00000c0a" (SFF) removed.
 The signal "ifft_inst/fft_core/blk00000001/sig00000b38" is loadless and has been
removed.
Loadless block "ifft_inst/fft_core/blk00000001/blk00000d61" (MUX) removed.
Loadless block "ifft_inst/fft_core/blk00000001/blk00000d98" (MUX) removed.
Loadless block "ifft_inst/fft_core/blk00000001/blk00000daf" (FF) removed.
 The signal "ifft_inst/fft_core/blk00000001/sig00000ce2" is loadless and has been
removed.
  Loadless block "ifft_inst/fft_core/blk00000001/blk00000dac" (ROM) removed.
Loadless block "ifft_inst/fft_core/blk00000001/blk00000e9d" (SFF) removed.
 The signal "ifft_inst/fft_core/blk00000001/sig00000d50" is loadless and has been
removed.
  Loadless block "ifft_inst/fft_core/blk00000001/blk00000e88" (ROM) removed.
Loadless block "ifft_inst/fft_core/blk00000001/blk00000e9e" (SFF) removed.
 The signal "ifft_inst/fft_core/blk00000001/sig00000d51" is loadless and has been
removed.
  Loadless block "ifft_inst/fft_core/blk00000001/blk00000e89" (ROM) removed.
Loadless block "ifft_inst/fft_core/blk00000001/blk00000e9f" (SFF) removed.
 The signal "ifft_inst/fft_core/blk00000001/sig00000d52" is loadless and has been
removed.
  Loadless block "ifft_inst/fft_core/blk00000001/blk00000e8a" (ROM) removed.
Loadless block "ifft_inst/fft_core/blk00000001/blk00000eb0" (SFF) removed.
 The signal "ifft_inst/fft_core/blk00000001/sig00000d63" is loadless and has been
removed.
  Loadless block "ifft_inst/fft_core/blk00000001/blk00000e9b" (ROM) removed.
Loadless block "ifft_inst/fft_core/blk00000001/blk00000eb1" (SFF) removed.
 The signal "ifft_inst/fft_core/blk00000001/sig00000d64" is loadless and has been
removed.
  Loadless block "ifft_inst/fft_core/blk00000001/blk00000e9c" (ROM) removed.
Loadless block "ifft_inst/fft_core/blk00000001/blk00000ec7" (SFF) removed.
 The signal "ifft_inst/fft_core/blk00000001/sig00000d65" is loadless and has been
removed.
  Loadless block "ifft_inst/fft_core/blk00000001/blk00000eb2" (ROM) removed.
Loadless block "ifft_inst/fft_core/blk00000001/blk00000ec8" (SFF) removed.
 The signal "ifft_inst/fft_core/blk00000001/sig00000d66" is loadless and has been
removed.
  Loadless block "ifft_inst/fft_core/blk00000001/blk00000eb3" (ROM) removed.
Loadless block "ifft_inst/fft_core/blk00000001/blk00000ec9" (SFF) removed.
 The signal "ifft_inst/fft_core/blk00000001/sig00000d67" is loadless and has been
removed.
  Loadless block "ifft_inst/fft_core/blk00000001/blk00000eb4" (ROM) removed.
Loadless block "ifft_inst/fft_core/blk00000001/blk00000eda" (SFF) removed.
 The signal "ifft_inst/fft_core/blk00000001/sig00000d78" is loadless and has been
removed.
  Loadless block "ifft_inst/fft_core/blk00000001/blk00000ec5" (ROM) removed.
Loadless block "ifft_inst/fft_core/blk00000001/blk00000edb" (SFF) removed.
 The signal "ifft_inst/fft_core/blk00000001/sig00000d79" is loadless and has been
removed.
  Loadless block "ifft_inst/fft_core/blk00000001/blk00000ec6" (ROM) removed.
The signal "ifft_inst/fft_core/m_axis_data_tdata<15>" is sourceless and has been
removed.
The signal "ifft_inst/fft_core/m_axis_data_tdata<14>" is sourceless and has been
removed.
The signal "ifft_inst/fft_core/m_axis_data_tdata<13>" is sourceless and has been
removed.
The signal "ifft_inst/fft_core/m_axis_data_tdata<12>" is sourceless and has been
removed.
The signal "ifft_inst/fft_core/m_axis_data_tdata<11>" is sourceless and has been
removed.
The signal "ifft_inst/fft_core/m_axis_data_tdata<10>" is sourceless and has been
removed.
The signal "ifft_inst/fft_core/m_axis_data_tdata<9>" is sourceless and has been
removed.
The signal "ifft_inst/fft_core/m_axis_data_tdata<8>" is sourceless and has been
removed.
The signal "ifft_inst/fft_core/m_axis_data_tdata<7>" is sourceless and has been
removed.
The signal "ifft_inst/fft_core/m_axis_data_tdata<6>" is sourceless and has been
removed.
The signal "ifft_inst/fft_core/m_axis_data_tdata<5>" is sourceless and has been
removed.
The signal "ifft_inst/fft_core/m_axis_data_tdata<4>" is sourceless and has been
removed.
The signal "ifft_inst/fft_core/m_axis_data_tdata<3>" is sourceless and has been
removed.
The signal "ifft_inst/fft_core/m_axis_data_tdata<2>" is sourceless and has been
removed.
The signal "ifft_inst/fft_core/m_axis_data_tdata<1>" is sourceless and has been
removed.
The signal "ifft_inst/fft_core/m_axis_data_tdata<0>" is sourceless and has been
removed.
The signal "ifft_inst/fft_core/m_axis_data_tuser<3>" is sourceless and has been
removed.
The signal "ifft_inst/fft_core/m_axis_data_tuser<2>" is sourceless and has been
removed.
The signal "ifft_inst/fft_core/m_axis_data_tuser<1>" is sourceless and has been
removed.
The signal "ifft_inst/fft_core/m_axis_data_tuser<0>" is sourceless and has been
removed.
The signal "ifft_inst/fft_core/m_axis_data_tlast" is sourceless and has been
removed.
The signal "ifft_inst/fft_core/event_frame_started" is sourceless and has been
removed.
The signal "ifft_inst/fft_core/event_tlast_unexpected" is sourceless and has
been removed.
 Sourceless block "ifft_inst/fft_core/blk00000001/blk000010d8" (ROM) removed.
  The signal "ifft_inst/fft_core/blk00000001/sig000000c5" is sourceless and has
been removed.
   Sourceless block "ifft_inst/fft_core/blk00000001/blk00000004" (SFF) removed.
The signal "ifft_inst/fft_core/event_tlast_missing" is sourceless and has been
removed.
The signal "ifft_inst/fft_core/event_data_in_channel_halt" is sourceless and has
been removed.
The signal "ifft_inst/fft_core/event_data_out_channel_halt" is sourceless and
has been removed.
The signal "ifft_inst/fft_core/blk00000001/sig000000da" is sourceless and has
been removed.
 Sourceless block "ifft_inst/fft_core/blk00000001/blk0000001a" (SFF) removed.
The signal "ifft_inst/fft_core/blk00000001/sig000000d6" is sourceless and has
been removed.
 Sourceless block "ifft_inst/fft_core/blk00000001/blk0000001b" (SFF) removed.
The signal "ifft_inst/fft_core/blk00000001/sig000000cd" is sourceless and has
been removed.
 Sourceless block "ifft_inst/fft_core/blk00000001/blk0000001c" (SFF) removed.
The signal "ifft_inst/fft_core/blk00000001/sig0000010c" is sourceless and has
been removed.
 Sourceless block "ifft_inst/fft_core/blk00000001/blk00000082" (SFF) removed.
  The signal "ifft_inst/fft_core/blk00000001/sig000000f8" is sourceless and has
been removed.
   Sourceless block "ifft_inst/fft_core/blk00000001/blk00000f93" (ROM) removed.
The signal "ifft_inst/fft_core/blk00000001/sig00000e29" is sourceless and has
been removed.
 Sourceless block "ifft_inst/fft_core/blk00000001/blk000000a3" (SFF) removed.
  The signal "ifft_inst/fft_core/blk00000001/sig0000012f" is sourceless and has
been removed.
   Sourceless block "ifft_inst/fft_core/blk00000001/blk00000f9f" (ROM) removed.
   Sourceless block "ifft_inst/fft_core/blk00000001/blk00001126" (ROM) removed.
The signal "ifft_inst/fft_core/blk00000001/sig00000176" is sourceless and has
been removed.
The signal "ifft_inst/fft_core/blk00000001/sig00000152" is sourceless and has
been removed.
The signal "ifft_inst/fft_core/blk00000001/sig00000097" is sourceless and has
been removed.
 Sourceless block "ifft_inst/fft_core/blk00000001/blk000010fa" (ROM) removed.
  The signal "ifft_inst/fft_core/blk00000001/sig00000dda" is sourceless and has
been removed.
   Sourceless block "ifft_inst/fft_core/blk00000001/blk00000f7e" (SFF) removed.
The signal "ifft_inst/fft_core/blk00000001/sig00000098" is sourceless and has
been removed.
 Sourceless block "ifft_inst/fft_core/blk00000001/blk000010f9" (ROM) removed.
  The signal "ifft_inst/fft_core/blk00000001/sig00000dd9" is sourceless and has
been removed.
   Sourceless block "ifft_inst/fft_core/blk00000001/blk00000f7d" (SFF) removed.
The signal "ifft_inst/fft_core/blk00000001/sig00000099" is sourceless and has
been removed.
 Sourceless block "ifft_inst/fft_core/blk00000001/blk000010f8" (ROM) removed.
  The signal "ifft_inst/fft_core/blk00000001/sig00000dd8" is sourceless and has
been removed.
   Sourceless block "ifft_inst/fft_core/blk00000001/blk00000f7c" (SFF) removed.
The signal "ifft_inst/fft_core/blk00000001/sig0000009a" is sourceless and has
been removed.
 Sourceless block "ifft_inst/fft_core/blk00000001/blk000010f7" (ROM) removed.
  The signal "ifft_inst/fft_core/blk00000001/sig00000dd7" is sourceless and has
been removed.
   Sourceless block "ifft_inst/fft_core/blk00000001/blk00000f7b" (SFF) removed.
The signal "ifft_inst/fft_core/blk00000001/sig0000009b" is sourceless and has
been removed.
 Sourceless block "ifft_inst/fft_core/blk00000001/blk00001147" (ROM) removed.
  The signal "ifft_inst/fft_core/blk00000001/sig00000e08" is sourceless and has
been removed.
   Sourceless block "ifft_inst/fft_core/blk00000001/blk00001106" (FF) removed.
The signal "ifft_inst/fft_core/blk00000001/sig0000009c" is sourceless and has
been removed.
 Sourceless block "ifft_inst/fft_core/blk00000001/blk00001148" (ROM) removed.
  The signal "ifft_inst/fft_core/blk00000001/sig00000e09" is sourceless and has
been removed.
   Sourceless block "ifft_inst/fft_core/blk00000001/blk00001107" (FF) removed.
The signal "ifft_inst/fft_core/blk00000001/sig0000009d" is sourceless and has
been removed.
 Sourceless block "ifft_inst/fft_core/blk00000001/blk00001149" (ROM) removed.
  The signal "ifft_inst/fft_core/blk00000001/sig00000e0a" is sourceless and has
been removed.
   Sourceless block "ifft_inst/fft_core/blk00000001/blk00001108" (FF) removed.
The signal "ifft_inst/fft_core/blk00000001/sig0000009e" is sourceless and has
been removed.
 Sourceless block "ifft_inst/fft_core/blk00000001/blk0000114a" (ROM) removed.
  The signal "ifft_inst/fft_core/blk00000001/sig00000e0b" is sourceless and has
been removed.
   Sourceless block "ifft_inst/fft_core/blk00000001/blk00001109" (FF) removed.
The signal "ifft_inst/fft_core/blk00000001/sig0000009f" is sourceless and has
been removed.
 Sourceless block "ifft_inst/fft_core/blk00000001/blk0000114b" (ROM) removed.
  The signal "ifft_inst/fft_core/blk00000001/sig00000e0c" is sourceless and has
been removed.
   Sourceless block "ifft_inst/fft_core/blk00000001/blk0000110a" (FF) removed.
The signal "ifft_inst/fft_core/blk00000001/sig000000a0" is sourceless and has
been removed.
 Sourceless block "ifft_inst/fft_core/blk00000001/blk00001154" (ROM) removed.
  The signal "ifft_inst/fft_core/blk00000001/sig00000e0d" is sourceless and has
been removed.
   Sourceless block "ifft_inst/fft_core/blk00000001/blk0000110b" (FF) removed.
The signal "ifft_inst/fft_core/blk00000001/sig000000a1" is sourceless and has
been removed.
 Sourceless block "ifft_inst/fft_core/blk00000001/blk0000114c" (ROM) removed.
  The signal "ifft_inst/fft_core/blk00000001/sig00000e0e" is sourceless and has
been removed.
   Sourceless block "ifft_inst/fft_core/blk00000001/blk0000110c" (FF) removed.
The signal "ifft_inst/fft_core/blk00000001/sig000000a2" is sourceless and has
been removed.
 Sourceless block "ifft_inst/fft_core/blk00000001/blk0000114d" (ROM) removed.
  The signal "ifft_inst/fft_core/blk00000001/sig00000e0f" is sourceless and has
been removed.
   Sourceless block "ifft_inst/fft_core/blk00000001/blk0000110d" (FF) removed.
The signal "ifft_inst/fft_core/blk00000001/sig000000a3" is sourceless and has
been removed.
 Sourceless block "ifft_inst/fft_core/blk00000001/blk0000114e" (ROM) removed.
  The signal "ifft_inst/fft_core/blk00000001/sig00000e10" is sourceless and has
been removed.
   Sourceless block "ifft_inst/fft_core/blk00000001/blk0000110e" (FF) removed.
The signal "ifft_inst/fft_core/blk00000001/sig000000a4" is sourceless and has
been removed.
 Sourceless block "ifft_inst/fft_core/blk00000001/blk0000114f" (ROM) removed.
  The signal "ifft_inst/fft_core/blk00000001/sig00000e11" is sourceless and has
been removed.
   Sourceless block "ifft_inst/fft_core/blk00000001/blk0000110f" (FF) removed.
The signal "ifft_inst/fft_core/blk00000001/sig000000a5" is sourceless and has
been removed.
 Sourceless block "ifft_inst/fft_core/blk00000001/blk00001150" (ROM) removed.
  The signal "ifft_inst/fft_core/blk00000001/sig00000e12" is sourceless and has
been removed.
   Sourceless block "ifft_inst/fft_core/blk00000001/blk00001110" (FF) removed.
The signal "ifft_inst/fft_core/blk00000001/sig000000a6" is sourceless and has
been removed.
 Sourceless block "ifft_inst/fft_core/blk00000001/blk00001151" (ROM) removed.
  The signal "ifft_inst/fft_core/blk00000001/sig00000e13" is sourceless and has
been removed.
   Sourceless block "ifft_inst/fft_core/blk00000001/blk00001111" (FF) removed.
The signal "ifft_inst/fft_core/blk00000001/sig000000a7" is sourceless and has
been removed.
 Sourceless block "ifft_inst/fft_core/blk00000001/blk00001152" (ROM) removed.
  The signal "ifft_inst/fft_core/blk00000001/sig00000e14" is sourceless and has
been removed.
   Sourceless block "ifft_inst/fft_core/blk00000001/blk00001112" (FF) removed.
The signal "ifft_inst/fft_core/blk00000001/sig000000a8" is sourceless and has
been removed.
 Sourceless block "ifft_inst/fft_core/blk00000001/blk00001153" (ROM) removed.
  The signal "ifft_inst/fft_core/blk00000001/sig00000e15" is sourceless and has
been removed.
   Sourceless block "ifft_inst/fft_core/blk00000001/blk00001113" (FF) removed.
The signal "ifft_inst/fft_core/blk00000001/sig000000a9" is sourceless and has
been removed.
 Sourceless block "ifft_inst/fft_core/blk00000001/blk00001155" (ROM) removed.
  The signal "ifft_inst/fft_core/blk00000001/sig00000e16" is sourceless and has
been removed.
   Sourceless block "ifft_inst/fft_core/blk00000001/blk00001114" (FF) removed.
The signal "ifft_inst/fft_core/blk00000001/sig000000aa" is sourceless and has
been removed.
 Sourceless block "ifft_inst/fft_core/blk00000001/blk00001157" (ROM) removed.
  The signal "ifft_inst/fft_core/blk00000001/sig00000e17" is sourceless and has
been removed.
   Sourceless block "ifft_inst/fft_core/blk00000001/blk00001115" (FF) removed.
The signal "ifft_inst/fft_core/blk00000001/sig00000202" is sourceless and has
been removed.
The signal "ifft_inst/fft_core/blk00000001/sig00000201" is sourceless and has
been removed.
The signal "ifft_inst/fft_core/blk00000001/sig00000200" is sourceless and has
been removed.
The signal "ifft_inst/fft_core/blk00000001/sig000001ff" is sourceless and has
been removed.
The signal "ifft_inst/fft_core/blk00000001/sig000001fe" is sourceless and has
been removed.
The signal "ifft_inst/fft_core/blk00000001/sig000001fd" is sourceless and has
been removed.
The signal "ifft_inst/fft_core/blk00000001/sig000001fc" is sourceless and has
been removed.
The signal "ifft_inst/fft_core/blk00000001/sig000001fb" is sourceless and has
been removed.
The signal "ifft_inst/fft_core/blk00000001/sig000001fa" is sourceless and has
been removed.
The signal "ifft_inst/fft_core/blk00000001/sig000001f9" is sourceless and has
been removed.
The signal "ifft_inst/fft_core/blk00000001/sig000001f8" is sourceless and has
been removed.
The signal "ifft_inst/fft_core/blk00000001/sig000001f7" is sourceless and has
been removed.
The signal "ifft_inst/fft_core/blk00000001/sig000001f6" is sourceless and has
been removed.
The signal "ifft_inst/fft_core/blk00000001/sig000001f5" is sourceless and has
been removed.
The signal "ifft_inst/fft_core/blk00000001/sig000001f4" is sourceless and has
been removed.
The signal "ifft_inst/fft_core/blk00000001/sig000001f3" is sourceless and has
been removed.
The signal "ifft_inst/fft_core/blk00000001/sig00000dd3" is sourceless and has
been removed.
 Sourceless block "ifft_inst/fft_core/blk00000001/blk00000f73" (SFF) removed.
  The signal "ifft_inst/fft_core/blk00000001/sig00000ddb" is sourceless and has
been removed.
The signal "ifft_inst/fft_core/blk00000001/sig00000dd4" is sourceless and has
been removed.
 Sourceless block "ifft_inst/fft_core/blk00000001/blk00000f74" (SFF) removed.
  The signal "ifft_inst/fft_core/blk00000001/sig00000ddc" is sourceless and has
been removed.
The signal "ifft_inst/fft_core/blk00000001/sig00000dd5" is sourceless and has
been removed.
 Sourceless block "ifft_inst/fft_core/blk00000001/blk00000f75" (SFF) removed.
  The signal "ifft_inst/fft_core/blk00000001/sig00000ddd" is sourceless and has
been removed.
The signal "ifft_inst/fft_core/blk00000001/sig00000dd6" is sourceless and has
been removed.
 Sourceless block "ifft_inst/fft_core/blk00000001/blk00000f76" (SFF) removed.
  The signal "ifft_inst/fft_core/blk00000001/sig00000dde" is sourceless and has
been removed.
The signal "ifft_inst/fft_core/blk00000001/sig00000de6" is sourceless and has
been removed.
 Sourceless block "ifft_inst/fft_core/blk00000001/blk00000f85" (SFF) removed.
  The signal "ifft_inst/fft_core/blk00000001/sig00000de8" is sourceless and has
been removed.
   Sourceless block "ifft_inst/fft_core/blk00000001/blk000010fd" (ROM) removed.
    The signal "ifft_inst/fft_core/blk00000001/sig00000de7" is sourceless and has
been removed.
     Sourceless block "ifft_inst/fft_core/blk00000001/blk00000f87" (SFF) removed.
      The signal "ifft_inst/fft_core/blk00000001/sig00000de5" is sourceless and has
been removed.
The signal "ifft_inst/fft_core/blk00000001/sig00000dfb" is sourceless and has
been removed.
 Sourceless block "ifft_inst/fft_core/blk00000001/blk000010c9" (FF) removed.
The signal "ifft_inst/fft_core/blk00000001/blk000000c7/sig00000f17" is
sourceless and has been removed.
 Sourceless block "ifft_inst/fft_core/blk00000001/blk000000c7/blk000000ca" (FF)
removed.
The signal "ifft_inst/fft_core/blk00000001/blk00000124/sig00000fb4" is
sourceless and has been removed.
 Sourceless block "ifft_inst/fft_core/blk00000001/blk00000124/blk00000159" (FF)
removed.
The signal "ifft_inst/fft_core/blk00000001/blk00000124/sig00000fb3" is
sourceless and has been removed.
 Sourceless block "ifft_inst/fft_core/blk00000001/blk00000124/blk0000015a" (FF)
removed.
The signal "ifft_inst/fft_core/blk00000001/blk00000124/sig00000fb1" is
sourceless and has been removed.
 Sourceless block "ifft_inst/fft_core/blk00000001/blk00000124/blk0000015c" (FF)
removed.
The signal "ifft_inst/fft_core/blk00000001/blk00000124/sig00000fb2" is
sourceless and has been removed.
 Sourceless block "ifft_inst/fft_core/blk00000001/blk00000124/blk0000015b" (FF)
removed.
The signal "ifft_inst/fft_core/blk00000001/blk00000124/sig00000fa0" is
sourceless and has been removed.
 Sourceless block "ifft_inst/fft_core/blk00000001/blk00000124/blk0000016d" (FF)
removed.
The signal "ifft_inst/fft_core/blk00000001/blk00000124/sig00000f9f" is
sourceless and has been removed.
 Sourceless block "ifft_inst/fft_core/blk00000001/blk00000124/blk0000016e" (FF)
removed.
The signal "ifft_inst/fft_core/blk00000001/blk00000124/sig00000f9e" is
sourceless and has been removed.
 Sourceless block "ifft_inst/fft_core/blk00000001/blk00000124/blk0000016f" (FF)
removed.
The signal "ifft_inst/fft_core/blk00000001/blk00000124/sig00000f9d" is
sourceless and has been removed.
 Sourceless block "ifft_inst/fft_core/blk00000001/blk00000124/blk00000170" (FF)
removed.
The signal "ifft_inst/fft_core/blk00000001/blk00000124/sig00000f9c" is
sourceless and has been removed.
 Sourceless block "ifft_inst/fft_core/blk00000001/blk00000124/blk00000171" (FF)
removed.
The signal "ifft_inst/fft_core/blk00000001/blk00000124/sig00000f9a" is
sourceless and has been removed.
 Sourceless block "ifft_inst/fft_core/blk00000001/blk00000124/blk00000173" (FF)
removed.
The signal "ifft_inst/fft_core/blk00000001/blk00000124/sig00000f99" is
sourceless and has been removed.
 Sourceless block "ifft_inst/fft_core/blk00000001/blk00000124/blk00000174" (FF)
removed.
The signal "ifft_inst/fft_core/blk00000001/blk00000124/sig00000f9b" is
sourceless and has been removed.
 Sourceless block "ifft_inst/fft_core/blk00000001/blk00000124/blk00000172" (FF)
removed.
The signal "ifft_inst/fft_core/blk00000001/blk00000124/sig00000f97" is
sourceless and has been removed.
 Sourceless block "ifft_inst/fft_core/blk00000001/blk00000124/blk00000176" (FF)
removed.
The signal "ifft_inst/fft_core/blk00000001/blk00000124/sig00000f96" is
sourceless and has been removed.
 Sourceless block "ifft_inst/fft_core/blk00000001/blk00000124/blk00000177" (FF)
removed.
The signal "ifft_inst/fft_core/blk00000001/blk00000124/sig00000f98" is
sourceless and has been removed.
 Sourceless block "ifft_inst/fft_core/blk00000001/blk00000124/blk00000175" (FF)
removed.
The signal "ifft_inst/fft_core/blk00000001/blk00000124/sig00000f94" is
sourceless and has been removed.
 Sourceless block "ifft_inst/fft_core/blk00000001/blk00000124/blk00000179" (FF)
removed.
The signal "ifft_inst/fft_core/blk00000001/blk00000124/sig00000f93" is
sourceless and has been removed.
 Sourceless block "ifft_inst/fft_core/blk00000001/blk00000124/blk0000017a" (FF)
removed.
The signal "ifft_inst/fft_core/blk00000001/blk00000124/sig00000f95" is
sourceless and has been removed.
 Sourceless block "ifft_inst/fft_core/blk00000001/blk00000124/blk00000178" (FF)
removed.
The signal "ifft_inst/fft_core/blk00000001/blk00000124/sig00000f92" is
sourceless and has been removed.
 Sourceless block "ifft_inst/fft_core/blk00000001/blk00000124/blk0000017b" (FF)
removed.
The signal "ifft_inst/fft_core/blk00000001/blk00000124/sig00000f91" is
sourceless and has been removed.
 Sourceless block "ifft_inst/fft_core/blk00000001/blk00000124/blk0000017c" (FF)
removed.
The signal "ifft_inst/fft_core/blk00000001/blk00000124/sig00000f90" is
sourceless and has been removed.
 Sourceless block "ifft_inst/fft_core/blk00000001/blk00000124/blk0000017d" (FF)
removed.
The signal "ifft_inst/fft_core/blk00000001/blk00000124/sig00000f7f" is
sourceless and has been removed.

The trimmed logic reported below is either:
   1. part of a cycle
   2. part of disabled logic
   3. a side-effect of other trimmed logic

The signal "qam_mod/m_dlast" is unused and has been removed.
 Unused block "qam_mod/m_dlast" (FF) removed.
  The signal "qam_mod/m_dlast_rstpot" is unused and has been removed.
   Unused block "qam_mod/Mmux_GND_5_o_m_dlast_MUX_818_o11" (ROM) removed.
Unused block "ifft_inst/fft_core/blk00000001/blk000000c6" (FF) removed.
Unused block "ifft_inst/fft_core/blk00000001/blk000000c7/blk000000f1" (SRLC16E)
removed.
Unused block "ifft_inst/fft_core/blk00000001/blk00000124/blk00000126" (SRLC16E)
removed.
Unused block "ifft_inst/fft_core/blk00000001/blk00000124/blk00000127" (SRLC16E)
removed.
Unused block "ifft_inst/fft_core/blk00000001/blk00000124/blk00000131" (SRLC16E)
removed.
Unused block "ifft_inst/fft_core/blk00000001/blk00000124/blk00000133" (SRLC16E)
removed.
Unused block "ifft_inst/fft_core/blk00000001/blk00000124/blk00000142" (SRLC16E)
removed.
Unused block "ifft_inst/fft_core/blk00000001/blk00000124/blk00000144" (SRLC16E)
removed.
Unused block "ifft_inst/fft_core/blk00000001/blk00000124/blk00000145" (SRLC16E)
removed.
Unused block "ifft_inst/fft_core/blk00000001/blk00000124/blk00000146" (SRLC16E)
removed.
Unused block "ifft_inst/fft_core/blk00000001/blk00000124/blk00000147" (SRLC16E)
removed.
Unused block "ifft_inst/fft_core/blk00000001/blk00000124/blk00000148" (SRLC16E)
removed.
Unused block "ifft_inst/fft_core/blk00000001/blk00000124/blk00000149" (SRLC16E)
removed.
Unused block "ifft_inst/fft_core/blk00000001/blk00000124/blk0000014a" (SRLC16E)
removed.
Unused block "ifft_inst/fft_core/blk00000001/blk00000124/blk0000014b" (SRLC16E)
removed.
Unused block "ifft_inst/fft_core/blk00000001/blk00000124/blk0000014c" (SRLC16E)
removed.
Unused block "ifft_inst/fft_core/blk00000001/blk00000124/blk0000014d" (SRLC16E)
removed.
Unused block "ifft_inst/fft_core/blk00000001/blk00000124/blk0000014e" (SRLC16E)
removed.
Unused block "ifft_inst/fft_core/blk00000001/blk00000124/blk0000014f" (SRLC16E)
removed.
Unused block "ifft_inst/fft_core/blk00000001/blk00000124/blk00000150" (SRLC16E)
removed.
Unused block "ifft_inst/fft_core/blk00000001/blk00000124/blk00000151" (SRLC16E)
removed.
Unused block "ifft_inst/fft_core/blk00000001/blk00000124/blk00000152" (SRLC16E)
removed.
Unused block "ifft_inst/fft_core/blk00000001/blk00000124/blk00000153" (SRLC16E)
removed.
Unused block "ifft_inst/fft_core/blk00000001/blk00000340" (SRL16E) removed.
Unused block "ifft_inst/fft_core/blk00000001/blk00000341" (SRL16E) removed.
Unused block "ifft_inst/fft_core/blk00000001/blk000003c9" (SRL16E) removed.
Unused block "ifft_inst/fft_core/blk00000001/blk000003ca" (SRL16E) removed.
Unused block "ifft_inst/fft_core/blk00000001/blk000003cb" (SRL16E) removed.
Unused block "ifft_inst/fft_core/blk00000001/blk000003cc" (SRL16E) removed.
Unused block "ifft_inst/fft_core/blk00000001/blk000003d4" (SRL16E) removed.
Unused block "ifft_inst/fft_core/blk00000001/blk00000c07" (SRL16E) removed.
Unused block "ifft_inst/fft_core/blk00000001/blk00000c08" (SRL16E) removed.
Unused block "ifft_inst/fft_core/blk00000001/blk00000f77" (SRL16E) removed.
Unused block "ifft_inst/fft_core/blk00000001/blk00000f78" (SRL16E) removed.
Unused block "ifft_inst/fft_core/blk00000001/blk00000f79" (SRL16E) removed.
Unused block "ifft_inst/fft_core/blk00000001/blk00000f7a" (SRL16E) removed.
Unused block "ifft_inst/fft_core/blk00000001/blk00000f86" (SRL16E) removed.
Unused block "ifft_inst/fft_core/blk00000001/blk00000f8c" (ROM) removed.
Unused block "ifft_inst/fft_core/blk00000001/blk00000f9d" (ROM) removed.
Unused block "ifft_inst/fft_core/blk00000001/blk000010eb" (ROM) removed.

Optimized Block(s):
TYPE 		BLOCK
GND 		XST_GND
VCC 		XST_VCC
VCC 		ifft_inst/fft_core/blk00000001/blk00000002
GND 		ifft_inst/fft_core/blk00000001/blk00000003
FD 		ifft_inst/fft_core/blk00000001/blk00000020
   optimized to 0
FD 		ifft_inst/fft_core/blk00000001/blk00000022
   optimized to 0
FD 		ifft_inst/fft_core/blk00000001/blk00000023
   optimized to 0
FD 		ifft_inst/fft_core/blk00000001/blk00000024
   optimized to 0
FD 		ifft_inst/fft_core/blk00000001/blk00000025
   optimized to 0
FD 		ifft_inst/fft_core/blk00000001/blk00000026
   optimized to 0
FD 		ifft_inst/fft_core/blk00000001/blk00000027
   optimized to 0
FD 		ifft_inst/fft_core/blk00000001/blk00000028
   optimized to 0
FD 		ifft_inst/fft_core/blk00000001/blk00000029
   optimized to 0
FD 		ifft_inst/fft_core/blk00000001/blk0000002b
   optimized to 0
FD 		ifft_inst/fft_core/blk00000001/blk0000002c
   optimized to 0
LUT2 		ifft_inst/fft_core/blk00000001/blk00000124/blk0000017e
   optimized to 1
LUT3 		ifft_inst/fft_core/blk00000001/blk00000124/blk00000188
   optimized to 1
FDE 		ifft_inst/fft_core/blk00000001/blk00000216
   optimized to 0
FDE 		ifft_inst/fft_core/blk00000001/blk00000225
   optimized to 0
VCC 		ifft_inst/fft_core/blk00000001/blk0000025b/blk0000025c
GND 		ifft_inst/fft_core/blk00000001/blk0000025b/blk0000025d
VCC 		ifft_inst/fft_core/blk00000001/blk0000026b/blk0000026c
GND 		ifft_inst/fft_core/blk00000001/blk0000026b/blk0000026d
VCC 		ifft_inst/fft_core/blk00000001/blk00000286/blk00000287
GND 		ifft_inst/fft_core/blk00000001/blk00000286/blk00000288
VCC 		ifft_inst/fft_core/blk00000001/blk00000292/blk00000293
GND 		ifft_inst/fft_core/blk00000001/blk00000292/blk00000294
GND 		ifft_inst/fft_core/blk00000001/blk00000304/blk00000305/blk00000306
VCC 		ifft_inst/fft_core/blk00000001/blk00000304/blk00000305/blk00000307
VCC 		ifft_inst/fft_core/blk00000001/blk0000030a/blk0000030b
GND 		ifft_inst/fft_core/blk00000001/blk0000030a/blk0000030c
GND 		ifft_inst/fft_core/blk00000001/blk00000392/blk00000393/blk00000394
VCC 		ifft_inst/fft_core/blk00000001/blk00000392/blk00000393/blk00000395
GND 		ifft_inst/fft_core/blk00000001/blk0000039a/blk0000039b/blk0000039c
VCC 		ifft_inst/fft_core/blk00000001/blk0000039a/blk0000039b/blk0000039d
GND 		ifft_inst/fft_core/blk00000001/blk000003a7/blk000003a8/blk000003a9
VCC 		ifft_inst/fft_core/blk00000001/blk000003a7/blk000003a8/blk000003aa
GND 		ifft_inst/fft_core/blk00000001/blk000003ad/blk000003ae/blk000003af
VCC 		ifft_inst/fft_core/blk00000001/blk000003ad/blk000003ae/blk000003b0
GND 		ifft_inst/fft_core/blk00000001/blk000003b3/blk000003b4/blk000003b5
VCC 		ifft_inst/fft_core/blk00000001/blk000003b3/blk000003b4/blk000003b6
GND 		ifft_inst/fft_core/blk00000001/blk000003b9/blk000003ba/blk000003bb
VCC 		ifft_inst/fft_core/blk00000001/blk000003b9/blk000003ba/blk000003bc
GND 		ifft_inst/fft_core/blk00000001/blk000003c1/blk000003c2/blk000003c3
VCC 		ifft_inst/fft_core/blk00000001/blk000003c1/blk000003c2/blk000003c4
GND 		ifft_inst/fft_core/blk00000001/blk0000041c/blk0000041d/blk0000041e
GND 		ifft_inst/fft_core/blk00000001/blk0000043f/blk00000440/blk00000441
GND 		ifft_inst/fft_core/blk00000001/blk00000463/blk00000464/blk00000465
GND 		ifft_inst/fft_core/blk00000001/blk00000468/blk00000469
VCC 		ifft_inst/fft_core/blk00000001/blk000004ad/blk000004ae
GND 		ifft_inst/fft_core/blk00000001/blk000004f2/blk000004f3/blk000004f4
GND 		ifft_inst/fft_core/blk00000001/blk00000517/blk00000518/blk00000519
GND 		ifft_inst/fft_core/blk00000001/blk00000631/blk00000632/blk00000633
GND 		ifft_inst/fft_core/blk00000001/blk00000636/blk00000637/blk00000638
GND 		ifft_inst/fft_core/blk00000001/blk0000063b/blk0000063c/blk0000063d
GND 		ifft_inst/fft_core/blk00000001/blk00000640/blk00000641/blk00000642
GND 		ifft_inst/fft_core/blk00000001/blk00000645/blk00000646/blk00000647
GND 		ifft_inst/fft_core/blk00000001/blk000006b8/blk000006b9/blk000006ba
GND 		ifft_inst/fft_core/blk00000001/blk000006df/blk000006e0/blk000006e1
GND 		ifft_inst/fft_core/blk00000001/blk00000706/blk00000707/blk00000708
GND 		ifft_inst/fft_core/blk00000001/blk0000072d/blk0000072e/blk0000072f
GND 		ifft_inst/fft_core/blk00000001/blk000007e4/blk000007e5
VCC 		ifft_inst/fft_core/blk00000001/blk0000082d/blk0000082e
GND 		ifft_inst/fft_core/blk00000001/blk00000916/blk00000917/blk00000918
VCC 		ifft_inst/fft_core/blk00000001/blk00000916/blk00000917/blk00000919
GND 		ifft_inst/fft_core/blk00000001/blk00000920/blk00000921
GND 		ifft_inst/fft_core/blk00000001/blk00000938/blk00000939/blk0000093a
GND 		ifft_inst/fft_core/blk00000001/blk0000093d/blk0000093e
VCC 		ifft_inst/fft_core/blk00000001/blk00000a18/blk00000a19
GND 		ifft_inst/fft_core/blk00000001/blk00000a5d/blk00000a5e
GND 		ifft_inst/fft_core/blk00000001/blk00000bf5/blk00000bf6/blk00000bf7
VCC 		ifft_inst/fft_core/blk00000001/blk00000bf5/blk00000bf6/blk00000bf8
VCC 		ifft_inst/fft_core/blk00000001/blk00000c0b/blk00000c0c
GND 		ifft_inst/fft_core/blk00000001/blk00000c54/blk00000c55
GND 		ifft_inst/fft_core/blk00000001/blk00000d9b/blk00000d9c/blk00000d9d
GND 		ifft_inst/fft_core/blk00000001/blk00000da0/blk00000da1/blk00000da2
GND 		ifft_inst/fft_core/blk00000001/blk00000da5/blk00000da6/blk00000da7
GND 		ifft_inst/fft_core/blk00000001/blk00000f0a/blk00000f0b/blk00000f0c
VCC 		ifft_inst/fft_core/blk00000001/blk00000f0a/blk00000f0b/blk00000f0d
GND 		ifft_inst/fft_core/blk00000001/blk00000f70/blk00000f71

To enable printing of redundant blocks removed and signals merged, set the
detailed map report option and rerun map.

Section 6 - IOB Properties
--------------------------

+---------------------------------------------------------------------------------------------------------------------------------------------------------+
| IOB Name                           | Type             | Direction | IO Standard          | Diff  | Drive    | Slew | Reg (s)      | Resistor | IOB      |
|                                    |                  |           |                      | Term  | Strength | Rate |              |          | Delay    |
+---------------------------------------------------------------------------------------------------------------------------------------------------------+
| clk                                | IOB              | INPUT     | LVCMOS33             |       |          |      |              |          |          |
| cs_n                               | IOB              | OUTPUT    | LVCMOS33             |       | 12       | SLOW |              |          |          |
| led0                               | IOB              | OUTPUT    | LVCMOS33             |       | 12       | SLOW |              |          |          |
| led1                               | IOB              | OUTPUT    | LVCMOS33             |       | 12       | SLOW |              |          |          |
| led2                               | IOB              | OUTPUT    | LVCMOS33             |       | 12       | SLOW |              |          |          |
| led3                               | IOB              | OUTPUT    | LVCMOS33             |       | 12       | SLOW |              |          |          |
| led4                               | IOB              | OUTPUT    | LVCMOS33             |       | 12       | SLOW |              |          |          |
| led5                               | IOB              | OUTPUT    | LVCMOS33             |       | 12       | SLOW |              |          |          |
| led6                               | IOB              | OUTPUT    | LVCMOS33             |       | 12       | SLOW |              |          |          |
| led7                               | IOB              | OUTPUT    | LVCMOS33             |       | 12       | SLOW |              |          |          |
| mosi                               | IOB              | OUTPUT    | LVCMOS33             |       | 12       | SLOW |              |          |          |
| reset                              | IOB              | INPUT     | LVCMOS33             |       |          |      |              |          |          |
| sclk                               | IOB              | OUTPUT    | LVCMOS33             |       | 12       | SLOW |              |          |          |
| sw0                                | IOB              | INPUT     | LVCMOS33             |       |          |      |              |          |          |
| sw1                                | IOB              | INPUT     | LVCMOS33             |       |          |      |              |          |          |
| sw2                                | IOB              | INPUT     | LVCMOS33             |       |          |      |              |          |          |
| sw3                                | IOB              | INPUT     | LVCMOS33             |       |          |      |              |          |          |
| sw4                                | IOB              | INPUT     | LVCMOS33             |       |          |      |              |          |          |
| sw5                                | IOB              | INPUT     | LVCMOS33             |       |          |      |              |          |          |
| sw6                                | IOB              | INPUT     | LVCMOS33             |       |          |      |              |          |          |
| sw7                                | IOB              | INPUT     | LVCMOS33             |       |          |      |              |          |          |
+---------------------------------------------------------------------------------------------------------------------------------------------------------+

Section 7 - RPMs
----------------

Section 8 - Guide Report
------------------------
Guide not run on this design.

Section 9 - Area Group and Partition Summary
--------------------------------------------

Partition Implementation Status
-------------------------------

  No Partitions were found in this design.

-------------------------------

Area Group Information
----------------------

  No area groups were found in this design.

----------------------

Section 10 - Timing Report
--------------------------
A logic-level (pre-route) timing report can be generated by using Xilinx static
timing analysis tools, Timing Analyzer (GUI) or TRCE (command line), with the
mapped NCD and PCF files. Please note that this timing report will be generated
using estimated delay information. For accurate numbers, please generate a
timing report with the post Place and Route NCD file.

For more information about the Timing Analyzer, consult the Xilinx Timing
Analyzer Reference Manual; for more information about TRCE, consult the Xilinx
Command Line Tools User Guide "TRACE" chapter.

Section 11 - Configuration String Details
-----------------------------------------
Use the "-detail" map option to print out Configuration Strings

Section 12 - Control Set Information
------------------------------------
Use the "-detail" map option to print out Control Set Information.

Section 13 - Utilization by Hierarchy
-------------------------------------
Use the "-detail" map option to print out the Utilization by Hierarchy section.
