Release 14.4 - ngc2edif P.49d (nt64)
Copyright (c) 1995-2012 Xilinx, Inc.  All rights reserved.
Reading design xfft_v8_0.ngc ...
WARNING:NetListWriters:298 - No output is written to xfft_v8_0.xncf, ignored.
Processing design ...
   Preping design's networks ...
   Preping design's macros ...
  finished :Prep
Writing EDIF netlist file xfft_v8_0.edif ...
ngc2edif: Total memory usage is 4323352 kilobytes

Release 14.4 - ngc2edif P.49d (nt64)
Copyright (c) 1995-2012 Xilinx, Inc.  All rights reserved.
Reading design xfft_v8_0.ngc ...
WARNING:NetListWriters:298 - No output is written to xfft_v8_0.xncf, ignored.
Processing design ...
   Preping design's networks ...
   Preping design's macros ...
  finished :Prep
Writing EDIF netlist file xfft_v8_0.edif ...
ngc2edif: Total memory usage is 4322760 kilobytes

