Command line:
   gen_tb2_isim_beh.exe
     -simmode  gui
     -simrunnum  0
     -socket  62492

Mon Feb 10 20:44:27 2025


 Elaboration Time: 0.03125 sec

 Current Memory Usage: 5146.15 Meg

 Total Signals          : 18
 Total Nets             : 25
 Total Signal Drivers   : 10
 Total Blocks           : 3
 Total Primitive Blocks : 2
 Total Processes        : 15
 Total Traceable Variables  : 24
 Total Scalar Nets and Variables : 125
In process source_gen1.vCont_34_0 
 FATAL ERROR:ISim: This application has discovered an exceptional condition from which it cannot recover. Process will terminate. To search for possible resolutions to this issue, refer to the Xilinx answer database by going to http://www.xilinx.com/support/answers/index.htm and search with keywords 'ISim' and 'FATAL ERROR'. For technical support on this issue, please open a WebCase with this project attached at http://www.xilinx.com/support.

 Total Simulation Time: 0.203125 sec

 Current Memory Usage: 5182.09 Meg

Mon Feb 10 20:44:30 2025

